<?xml version="1.0" encoding="UTF-8"?>
<!-- Generated by org.testng.reporters.JUnitReportReporter -->
<testsuite skipped="0" hostname="Sandeeps-MacBook-Air.local" name="com.qa.shopping.tests.SignInPageTests" tests="2" failures="0" timestamp="20 Nov 2019 15:18:30 GMT" time="72.079" errors="0">
  <testcase name="verifyUserSignInPageTest" time="36.259" classname="com.qa.shopping.tests.SignInPageTests"/>
  <testcase name="verifyForgotPasswordLinkTest" time="35.820" classname="com.qa.shopping.tests.SignInPageTests"/>
</testsuite> <!-- com.qa.shopping.tests.SignInPageTests -->
