<?xml version="1.0" encoding="UTF-8"?>
<!-- Generated by org.testng.reporters.JUnitReportReporter -->
<testsuite skipped="0" hostname="Sandeeps-MacBook-Air.local" name="com.qa.shopping.tests.LandingPageTests" tests="2" failures="0" timestamp="21 Nov 2019 02:51:08 GMT" time="39.113" errors="0">
  <testcase name="verifySignInLinkTest" time="10.933" classname="com.qa.shopping.tests.LandingPageTests"/>
  <testcase name="verifyContactUsInLinkTest" time="28.180" classname="com.qa.shopping.tests.LandingPageTests"/>
</testsuite> <!-- com.qa.shopping.tests.LandingPageTests -->
